C:\Users\xarto\source\repos\XTI\XTI\Apps\HubWebApp\Scripts\Hub\ContextualClass.js
C:\Users\xarto\source\repos\XTI\XTI\Apps\HubWebApp\Scripts\Hub\ContextualClass.js.map
C:\Users\xarto\source\repos\XTI\XTI\Apps\HubWebApp\Scripts\Hub\ComponentTemplate.js
C:\Users\xarto\source\repos\XTI\XTI\Apps\HubWebApp\Scripts\Hub\ComponentTemplate.js.map
C:\Users\xarto\source\repos\XTI\XTI\Apps\HubWebApp\Scripts\Hub\Alert.js
C:\Users\xarto\source\repos\XTI\XTI\Apps\HubWebApp\Scripts\Hub\Alert.js.map
C:\Users\xarto\source\repos\XTI\XTI\Apps\HubWebApp\Scripts\Hub\HttpClient.js
C:\Users\xarto\source\repos\XTI\XTI\Apps\HubWebApp\Scripts\Hub\HttpClient.js.map
C:\Users\xarto\source\repos\XTI\XTI\Apps\HubWebApp\Scripts\Hub\JsonText.js
C:\Users\xarto\source\repos\XTI\XTI\Apps\HubWebApp\Scripts\Hub\JsonText.js.map
C:\Users\xarto\source\repos\XTI\XTI\Apps\HubWebApp\Scripts\Hub\ErrorModel.js
C:\Users\xarto\source\repos\XTI\XTI\Apps\HubWebApp\Scripts\Hub\ErrorModel.js.map
C:\Users\xarto\source\repos\XTI\XTI\Apps\HubWebApp\Scripts\Hub\Enumerable.js
C:\Users\xarto\source\repos\XTI\XTI\Apps\HubWebApp\Scripts\Hub\Enumerable.js.map
C:\Users\xarto\source\repos\XTI\XTI\Apps\HubWebApp\Scripts\Hub\JoinedStrings.js
C:\Users\xarto\source\repos\XTI\XTI\Apps\HubWebApp\Scripts\Hub\JoinedStrings.js.map
C:\Users\xarto\source\repos\XTI\XTI\Apps\HubWebApp\Scripts\Hub\AppApiError.js
C:\Users\xarto\source\repos\XTI\XTI\Apps\HubWebApp\Scripts\Hub\AppApiError.js.map
C:\Users\xarto\source\repos\XTI\XTI\Apps\HubWebApp\Scripts\Hub\AppApiEvents.js
C:\Users\xarto\source\repos\XTI\XTI\Apps\HubWebApp\Scripts\Hub\AppApiEvents.js.map
C:\Users\xarto\source\repos\XTI\XTI\Apps\HubWebApp\Scripts\Hub\AppResourceName.js
C:\Users\xarto\source\repos\XTI\XTI\Apps\HubWebApp\Scripts\Hub\AppResourceName.js.map
C:\Users\xarto\source\repos\XTI\XTI\Apps\HubWebApp\Scripts\Hub\NamedValue.js
C:\Users\xarto\source\repos\XTI\XTI\Apps\HubWebApp\Scripts\Hub\NamedValue.js.map
C:\Users\xarto\source\repos\XTI\XTI\Apps\HubWebApp\Scripts\Hub\FormattedDate.js
C:\Users\xarto\source\repos\XTI\XTI\Apps\HubWebApp\Scripts\Hub\FormattedDate.js.map
C:\Users\xarto\source\repos\XTI\XTI\Apps\HubWebApp\Scripts\Hub\UrlQuery.js
C:\Users\xarto\source\repos\XTI\XTI\Apps\HubWebApp\Scripts\Hub\UrlQuery.js.map
C:\Users\xarto\source\repos\XTI\XTI\Apps\HubWebApp\Scripts\Hub\UrlBuilder.js
C:\Users\xarto\source\repos\XTI\XTI\Apps\HubWebApp\Scripts\Hub\UrlBuilder.js.map
C:\Users\xarto\source\repos\XTI\XTI\Apps\HubWebApp\Scripts\Hub\AppResourceUrl.js
C:\Users\xarto\source\repos\XTI\XTI\Apps\HubWebApp\Scripts\Hub\AppResourceUrl.js.map
C:\Users\xarto\source\repos\XTI\XTI\Apps\HubWebApp\Scripts\Hub\AppApiAction.js
C:\Users\xarto\source\repos\XTI\XTI\Apps\HubWebApp\Scripts\Hub\AppApiAction.js.map
C:\Users\xarto\source\repos\XTI\XTI\Apps\HubWebApp\Scripts\Hub\WebPage.js
C:\Users\xarto\source\repos\XTI\XTI\Apps\HubWebApp\Scripts\Hub\WebPage.js.map
C:\Users\xarto\source\repos\XTI\XTI\Apps\HubWebApp\Scripts\Hub\AppApiView.js
C:\Users\xarto\source\repos\XTI\XTI\Apps\HubWebApp\Scripts\Hub\AppApiView.js.map
C:\Users\xarto\source\repos\XTI\XTI\Apps\HubWebApp\Scripts\Hub\AppApiGroup.js
C:\Users\xarto\source\repos\XTI\XTI\Apps\HubWebApp\Scripts\Hub\AppApiGroup.js.map
C:\Users\xarto\source\repos\XTI\XTI\Apps\HubWebApp\Scripts\Hub\UserGroup.js
C:\Users\xarto\source\repos\XTI\XTI\Apps\HubWebApp\Scripts\Hub\UserGroup.js.map
C:\Users\xarto\source\repos\XTI\XTI\Apps\HubWebApp\Scripts\Hub\AppApi.js
C:\Users\xarto\source\repos\XTI\XTI\Apps\HubWebApp\Scripts\Hub\AppApi.js.map
C:\Users\xarto\source\repos\XTI\XTI\Apps\HubWebApp\Scripts\Hub\Api\AuthGroup.js
C:\Users\xarto\source\repos\XTI\XTI\Apps\HubWebApp\Scripts\Hub\Api\AuthGroup.js.map
C:\Users\xarto\source\repos\XTI\XTI\Apps\HubWebApp\Scripts\Hub\Api\UserAdminGroup.js
C:\Users\xarto\source\repos\XTI\XTI\Apps\HubWebApp\Scripts\Hub\Api\UserAdminGroup.js.map
C:\Users\xarto\source\repos\XTI\XTI\Apps\HubWebApp\Scripts\Hub\Api\RestrictedGroup.js
C:\Users\xarto\source\repos\XTI\XTI\Apps\HubWebApp\Scripts\Hub\Api\RestrictedGroup.js.map
C:\Users\xarto\source\repos\XTI\XTI\Apps\HubWebApp\Scripts\Hub\Api\HubAppApi.js
C:\Users\xarto\source\repos\XTI\XTI\Apps\HubWebApp\Scripts\Hub\Api\HubAppApi.js.map
C:\Users\xarto\source\repos\XTI\XTI\Apps\HubWebApp\Scripts\Hub\BaseAppApiCollection.js
C:\Users\xarto\source\repos\XTI\XTI\Apps\HubWebApp\Scripts\Hub\BaseAppApiCollection.js.map
C:\Users\xarto\source\repos\XTI\XTI\Apps\HubWebApp\Scripts\Hub\AppApiCollection.js
C:\Users\xarto\source\repos\XTI\XTI\Apps\HubWebApp\Scripts\Hub\AppApiCollection.js.map
C:\Users\xarto\source\repos\XTI\XTI\Apps\HubWebApp\Scripts\Hub\Events.js
C:\Users\xarto\source\repos\XTI\XTI\Apps\HubWebApp\Scripts\Hub\Events.js.map
C:\Users\xarto\source\repos\XTI\XTI\Apps\HubWebApp\Scripts\Hub\AwaitableComponent.js
C:\Users\xarto\source\repos\XTI\XTI\Apps\HubWebApp\Scripts\Hub\AwaitableComponent.js.map
C:\Users\xarto\source\repos\XTI\XTI\Apps\HubWebApp\Scripts\Hub\CssClass.js
C:\Users\xarto\source\repos\XTI\XTI\Apps\HubWebApp\Scripts\Hub\CssClass.js.map
C:\Users\xarto\source\repos\XTI\XTI\Apps\HubWebApp\Scripts\Hub\ColumnCss.js
C:\Users\xarto\source\repos\XTI\XTI\Apps\HubWebApp\Scripts\Hub\ColumnCss.js.map
C:\Users\xarto\source\repos\XTI\XTI\Apps\HubWebApp\Scripts\Hub\FaIcon.js
C:\Users\xarto\source\repos\XTI\XTI\Apps\HubWebApp\Scripts\Hub\FaIcon.js.map
C:\Users\xarto\source\repos\XTI\XTI\Apps\HubWebApp\Scripts\Hub\Command.js
C:\Users\xarto\source\repos\XTI\XTI\Apps\HubWebApp\Scripts\Hub\Command.js.map
C:\Users\xarto\source\repos\XTI\XTI\Apps\HubWebApp\Scripts\Hub\ConsoleLog.js
C:\Users\xarto\source\repos\XTI\XTI\Apps\HubWebApp\Scripts\Hub\ConsoleLog.js.map
C:\Users\xarto\source\repos\XTI\XTI\Apps\HubWebApp\Scripts\Hub\FormattedNumber.js
C:\Users\xarto\source\repos\XTI\XTI\Apps\HubWebApp\Scripts\Hub\FormattedNumber.js.map
C:\Users\xarto\source\repos\XTI\XTI\Apps\HubWebApp\Scripts\Hub\ModalOptionsViewModel.js
C:\Users\xarto\source\repos\XTI\XTI\Apps\HubWebApp\Scripts\Hub\ModalOptionsViewModel.js.map
C:\Users\xarto\source\repos\XTI\XTI\Apps\HubWebApp\Scripts\Hub\ModalBindingHandler.js
C:\Users\xarto\source\repos\XTI\XTI\Apps\HubWebApp\Scripts\Hub\ModalBindingHandler.js.map
C:\Users\xarto\source\repos\XTI\XTI\Apps\HubWebApp\Scripts\Hub\OffscreenSubmitViewModel.js
C:\Users\xarto\source\repos\XTI\XTI\Apps\HubWebApp\Scripts\Hub\OffscreenSubmitViewModel.js.map
C:\Users\xarto\source\repos\XTI\XTI\Apps\HubWebApp\Scripts\Hub\Error\ModalErrorViewModel.js
C:\Users\xarto\source\repos\XTI\XTI\Apps\HubWebApp\Scripts\Hub\Error\ModalErrorViewModel.js.map
C:\Users\xarto\source\repos\XTI\XTI\Apps\HubWebApp\Scripts\Hub\Templates\CommandButtonTemplate.js
C:\Users\xarto\source\repos\XTI\XTI\Apps\HubWebApp\Scripts\Hub\Templates\CommandButtonTemplate.js.map
C:\Users\xarto\source\repos\XTI\XTI\Apps\HubWebApp\Scripts\Hub\Error\ModalErrorComponentViewModel.js
C:\Users\xarto\source\repos\XTI\XTI\Apps\HubWebApp\Scripts\Hub\Error\ModalErrorComponentViewModel.js.map
C:\Users\xarto\source\repos\XTI\XTI\Apps\HubWebApp\Scripts\Hub\PageFrameViewModel.js
C:\Users\xarto\source\repos\XTI\XTI\Apps\HubWebApp\Scripts\Hub\PageFrameViewModel.js.map
C:\Users\xarto\source\repos\XTI\XTI\Apps\HubWebApp\Scripts\Hub\SubmitBindingHandler.js
C:\Users\xarto\source\repos\XTI\XTI\Apps\HubWebApp\Scripts\Hub\SubmitBindingHandler.js.map
C:\Users\xarto\source\repos\XTI\XTI\Apps\HubWebApp\Scripts\Hub\PageLoader.js
C:\Users\xarto\source\repos\XTI\XTI\Apps\HubWebApp\Scripts\Hub\PageLoader.js.map
C:\Users\xarto\source\repos\XTI\XTI\Apps\HubWebApp\Scripts\Hub\PageViewModel.js
C:\Users\xarto\source\repos\XTI\XTI\Apps\HubWebApp\Scripts\Hub\PageViewModel.js.map
C:\Users\xarto\source\repos\XTI\XTI\Apps\HubWebApp\Scripts\Hub\Error\ModalErrorComponent.js
C:\Users\xarto\source\repos\XTI\XTI\Apps\HubWebApp\Scripts\Hub\Error\ModalErrorComponent.js.map
C:\Users\xarto\source\repos\XTI\XTI\Apps\HubWebApp\Scripts\Hub\Startup.js
C:\Users\xarto\source\repos\XTI\XTI\Apps\HubWebApp\Scripts\Hub\Startup.js.map
C:\Users\xarto\source\repos\XTI\XTI\Apps\HubWebApp\Scripts\Hub\TelephoneNumber.js
C:\Users\xarto\source\repos\XTI\XTI\Apps\HubWebApp\Scripts\Hub\TelephoneNumber.js.map
C:\Users\xarto\source\repos\XTI\XTI\Apps\HubWebApp\Scripts\Hub\TextInput.js
C:\Users\xarto\source\repos\XTI\XTI\Apps\HubWebApp\Scripts\Hub\TextInput.js.map
C:\Users\xarto\source\repos\XTI\XTI\Apps\HubWebApp\Scripts\Hub\_references.js
C:\Users\xarto\source\repos\XTI\XTI\Apps\HubWebApp\Scripts\Hub\_references.js.map
C:\Users\xarto\source\repos\XTI\XTI\Apps\HubWebApp\Scripts\Hub\Templates\CommandPillTemplate.js
C:\Users\xarto\source\repos\XTI\XTI\Apps\HubWebApp\Scripts\Hub\Templates\CommandPillTemplate.js.map
C:\Users\xarto\source\repos\XTI\XTI\Apps\HubWebApp\Scripts\Hub\Auth\LoginComponentViewModel.js
C:\Users\xarto\source\repos\XTI\XTI\Apps\HubWebApp\Scripts\Hub\Auth\LoginComponentViewModel.js.map
C:\Users\xarto\source\repos\XTI\XTI\Apps\HubWebApp\Scripts\Hub\Auth\LoginComponent.js
C:\Users\xarto\source\repos\XTI\XTI\Apps\HubWebApp\Scripts\Hub\Auth\LoginComponent.js.map
C:\Users\xarto\source\repos\XTI\XTI\Apps\HubWebApp\Scripts\Hub\Auth\LoginPageViewModel.js
C:\Users\xarto\source\repos\XTI\XTI\Apps\HubWebApp\Scripts\Hub\Auth\LoginPageViewModel.js.map
C:\Users\xarto\source\repos\XTI\XTI\Apps\HubWebApp\Scripts\Hub\Auth\LoginPage.js
C:\Users\xarto\source\repos\XTI\XTI\Apps\HubWebApp\Scripts\Hub\Auth\LoginPage.js.map
C:\Users\xarto\source\repos\XTI\XTI\Apps\HubWebApp\Scripts\Hub\Home\MainPageViewModel.js
C:\Users\xarto\source\repos\XTI\XTI\Apps\HubWebApp\Scripts\Hub\Home\MainPageViewModel.js.map
C:\Users\xarto\source\repos\XTI\XTI\Apps\HubWebApp\Scripts\Hub\Home\MainPage.js
C:\Users\xarto\source\repos\XTI\XTI\Apps\HubWebApp\Scripts\Hub\Home\MainPage.js.map
C:\Users\xarto\source\repos\XTI\XTI\Apps\HubWebApp\Scripts\Hub\Restricted\MainPageViewModel.js
C:\Users\xarto\source\repos\XTI\XTI\Apps\HubWebApp\Scripts\Hub\Restricted\MainPageViewModel.js.map
C:\Users\xarto\source\repos\XTI\XTI\Apps\HubWebApp\Scripts\Hub\Restricted\MainPage.js
C:\Users\xarto\source\repos\XTI\XTI\Apps\HubWebApp\Scripts\Hub\Restricted\MainPage.js.map
C:\Users\xarto\source\repos\XTI\XTI\Apps\HubWebApp\Scripts\Hub\User\UserPageViewModel.js
C:\Users\xarto\source\repos\XTI\XTI\Apps\HubWebApp\Scripts\Hub\User\UserPageViewModel.js.map
C:\Users\xarto\source\repos\XTI\XTI\Apps\HubWebApp\Scripts\Hub\User\UserPage.js
C:\Users\xarto\source\repos\XTI\XTI\Apps\HubWebApp\Scripts\Hub\User\UserPage.js.map
